00:00:00.037900 main     VirtualBox COM Server 6.1.14 r140239 win.amd64 (Sep  4 2020 08:29:36) release log
00:00:00.037908 main     Log opened 2021-12-15T21:18:37.281343900Z
00:00:00.037911 main     Build Type: release
00:00:00.037928 main     OS Product: Windows 10
00:00:00.037931 main     OS Release: 10.0.19043
00:00:00.037933 main     OS Service Pack: 
00:00:00.166922 main     DMI Product Name: HP Compaq dx2450 Microtower PC
00:00:00.203923 main     DMI Product Version:  
00:00:00.203954 main     Firmware type: BIOS
00:00:00.203966 main     Host RAM: 3966MB (3.8GB) total, 1802MB available
00:00:00.203974 main     Executable: F:\Program Files\Oracle\VirtualBox\VBoxSVC.exe
00:00:00.203976 main     Process ID: 6812
00:00:00.203978 main     Package type: WINDOWS_64BITS_GENERIC
00:00:00.677345          VirtualBox: object creation starts
00:00:00.733840          Home directory: 'F:\Users\IBRAHIM\.VirtualBox'
00:00:00.735525          Installed Drivers:
00:00:00.762929            F:\WINDOWS\system32\DRIVERS\VBoxNetLwf.sys (Version: 6.1.14.40239)
00:00:00.765695            F:\WINDOWS\system32\DRIVERS\VBoxUSBMon.sys (Version: 6.1.14.40239)
00:00:00.768103            F:\WINDOWS\system32\DRIVERS\VBoxDrv.sys (Version: 6.1.14.40239)
00:00:00.769401            F:\WINDOWS\system32\DRIVERS\VBoxNetAdp6.sys (Version: 6.1.14.40239)
00:00:00.852135          Loading settings file "F:\Users\IBRAHIM\.VirtualBox\VirtualBox.xml" with version "1.12-windows"
00:00:00.896850          usbLibGetDevices: Starting USB device enumeration
00:00:03.257597          Getting USB descriptor (id 0) failed (dwErr=995) on hub USB#ROOT_HUB#4&34c37722&0#{f18a0e88-c30c-11d0-8815-00a0c906bed8} port 2
00:00:03.263278          usbLibGetDevices: Found 2 USB devices, 0 captured
00:00:03.814249          HostDnsMonitor: initializing
00:00:03.851609          HostDnsMonitor: updating information
00:00:03.851616          HostDnsMonitor: unchanged
00:00:04.143043          SUPR0QueryVTCaps -> VERR_SVM_DISABLED
00:00:04.235126          VD: VDInit finished with VINF_SUCCESS
00:00:04.270228          VirtualBox: object created
00:00:11.927036 main     VirtualBox: object deletion starts
00:00:12.055790 main     HostDnsMonitor: shutting down ...
00:00:12.056415 main     HostDnsMonitor: shut down
00:00:12.129926 Watcher  ERROR [COM]: aRC=E_ACCESSDENIED (0x80070005) aIID={d0a0163f-e254-4e5b-a1f2-011cf991c38d} aComponent={VirtualBoxWrap} aText={The object is not ready}, preserve=false aResultDetail=0
00:00:12.143186 main     VirtualBox: object deleted
